<?xml version="1.0" encoding="UTF-8"?>
<!-- Generated by org.testng.reporters.JUnitXMLReporter -->
<testsuite ignored="0" hostname="Nadims-MacBook-Pro.local" failures="1" tests="1" name="RegressionTest" time="7.568" errors="0" timestamp="2025-07-06T14:14:49 EDT">
  <testcase classname="com.neotech.testcases.LoginTest" name="validLogin" time="2.655">
    <failure type="java.lang.AssertionError" message="Jacqueline White expected:&amp;lt;Jacqueline White&amp;gt; but was:&amp;lt;The account name does NOT match!!!&amp;gt;">
      <![CDATA[java.lang.AssertionError: Jacqueline White expected:<Jacqueline White> but was:<The account name does NOT match!!!>
at com.neotech.testcases.LoginTest.validLogin(LoginTest.java:38)
at java.base/java.util.ArrayList.forEach(ArrayList.java:1596)
... Removed 26 stack frames]]>
    </failure>
  </testcase> <!-- validLogin -->
</testsuite> <!-- RegressionTest -->
